2016-06-10 11:57:46 Notice: Notice (8): Undefined offset: 0 in [D:\wamp\www\cake3test\cake3test\tmp\bake\index-ctp.php, line 74]
Trace:
Cake\Error\BaseErrorHandler::handleError() - CORE\src\Error\BaseErrorHandler.php, line 146
include - ROOT\tmp\bake\index-ctp.php, line 74
Bake\View\BakeView::_evaluate() - ROOT\vendor\cakephp\bake\src\View\BakeView.php, line 199
Cake\View\View::_render() - CORE\src\View\View.php, line 952
Bake\View\BakeView::render() - ROOT\vendor\cakephp\bake\src\View\BakeView.php, line 136
Bake\Shell\Task\BakeTemplateTask::generate() - ROOT\vendor\cakephp\bake\src\Shell\Task\BakeTemplateTask.php, line 89
Bake\Shell\Task\TemplateTask::getContent() - ROOT\vendor\cakephp\bake\src\Shell\Task\TemplateTask.php, line 419
Bake\Shell\Task\TemplateTask::main() - ROOT\vendor\cakephp\bake\src\Shell\Task\TemplateTask.php, line 151
Bake\Shell\Task\TemplateTask::all() - ROOT\vendor\cakephp\bake\src\Shell\Task\TemplateTask.php, line 256
Cake\Console\Shell::runCommand() - CORE\src\Console\Shell.php, line 444
Cake\Console\Shell::runCommand() - CORE\src\Console\Shell.php, line 450
Cake\Console\ShellDispatcher::_dispatch() - CORE\src\Console\ShellDispatcher.php, line 217
Cake\Console\ShellDispatcher::dispatch() - CORE\src\Console\ShellDispatcher.php, line 181
Cake\Console\ShellDispatcher::run() - CORE\src\Console\ShellDispatcher.php, line 127
[main] - ROOT\bin\cake.php, line 33



2016-06-10 11:57:46 Notice: Notice (8): Undefined offset: 0 in [D:\wamp\www\cake3test\cake3test\tmp\bake\view-ctp.php, line 87]
Trace:
Cake\Error\BaseErrorHandler::handleError() - CORE\src\Error\BaseErrorHandler.php, line 146
include - ROOT\tmp\bake\view-ctp.php, line 87
Bake\View\BakeView::_evaluate() - ROOT\vendor\cakephp\bake\src\View\BakeView.php, line 199
Cake\View\View::_render() - CORE\src\View\View.php, line 952
Bake\View\BakeView::render() - ROOT\vendor\cakephp\bake\src\View\BakeView.php, line 136
Bake\Shell\Task\BakeTemplateTask::generate() - ROOT\vendor\cakephp\bake\src\Shell\Task\BakeTemplateTask.php, line 89
Bake\Shell\Task\TemplateTask::getContent() - ROOT\vendor\cakephp\bake\src\Shell\Task\TemplateTask.php, line 419
Bake\Shell\Task\TemplateTask::main() - ROOT\vendor\cakephp\bake\src\Shell\Task\TemplateTask.php, line 151
Bake\Shell\Task\TemplateTask::all() - ROOT\vendor\cakephp\bake\src\Shell\Task\TemplateTask.php, line 256
Cake\Console\Shell::runCommand() - CORE\src\Console\Shell.php, line 444
Cake\Console\Shell::runCommand() - CORE\src\Console\Shell.php, line 450
Cake\Console\ShellDispatcher::_dispatch() - CORE\src\Console\ShellDispatcher.php, line 217
Cake\Console\ShellDispatcher::dispatch() - CORE\src\Console\ShellDispatcher.php, line 181
Cake\Console\ShellDispatcher::run() - CORE\src\Console\ShellDispatcher.php, line 127
[main] - ROOT\bin\cake.php, line 33



2016-06-10 11:57:46 Notice: Notice (8): Undefined offset: 0 in [D:\wamp\www\cake3test\cake3test\tmp\bake\index-ctp.php, line 74]
Trace:
Cake\Error\BaseErrorHandler::handleError() - CORE\src\Error\BaseErrorHandler.php, line 146
include - ROOT\tmp\bake\index-ctp.php, line 74
Bake\View\BakeView::_evaluate() - ROOT\vendor\cakephp\bake\src\View\BakeView.php, line 199
Cake\View\View::_render() - CORE\src\View\View.php, line 952
Bake\View\BakeView::render() - ROOT\vendor\cakephp\bake\src\View\BakeView.php, line 136
Bake\Shell\Task\BakeTemplateTask::generate() - ROOT\vendor\cakephp\bake\src\Shell\Task\BakeTemplateTask.php, line 89
Bake\Shell\Task\TemplateTask::getContent() - ROOT\vendor\cakephp\bake\src\Shell\Task\TemplateTask.php, line 419
Bake\Shell\Task\TemplateTask::main() - ROOT\vendor\cakephp\bake\src\Shell\Task\TemplateTask.php, line 151
Bake\Shell\Task\TemplateTask::all() - ROOT\vendor\cakephp\bake\src\Shell\Task\TemplateTask.php, line 256
Cake\Console\Shell::runCommand() - CORE\src\Console\Shell.php, line 444
Cake\Console\Shell::runCommand() - CORE\src\Console\Shell.php, line 450
Cake\Console\ShellDispatcher::_dispatch() - CORE\src\Console\ShellDispatcher.php, line 217
Cake\Console\ShellDispatcher::dispatch() - CORE\src\Console\ShellDispatcher.php, line 181
Cake\Console\ShellDispatcher::run() - CORE\src\Console\ShellDispatcher.php, line 127
[main] - ROOT\bin\cake.php, line 33



2016-06-10 11:57:47 Notice: Notice (8): Undefined offset: 0 in [D:\wamp\www\cake3test\cake3test\tmp\bake\view-ctp.php, line 87]
Trace:
Cake\Error\BaseErrorHandler::handleError() - CORE\src\Error\BaseErrorHandler.php, line 146
include - ROOT\tmp\bake\view-ctp.php, line 87
Bake\View\BakeView::_evaluate() - ROOT\vendor\cakephp\bake\src\View\BakeView.php, line 199
Cake\View\View::_render() - CORE\src\View\View.php, line 952
Bake\View\BakeView::render() - ROOT\vendor\cakephp\bake\src\View\BakeView.php, line 136
Bake\Shell\Task\BakeTemplateTask::generate() - ROOT\vendor\cakephp\bake\src\Shell\Task\BakeTemplateTask.php, line 89
Bake\Shell\Task\TemplateTask::getContent() - ROOT\vendor\cakephp\bake\src\Shell\Task\TemplateTask.php, line 419
Bake\Shell\Task\TemplateTask::main() - ROOT\vendor\cakephp\bake\src\Shell\Task\TemplateTask.php, line 151
Bake\Shell\Task\TemplateTask::all() - ROOT\vendor\cakephp\bake\src\Shell\Task\TemplateTask.php, line 256
Cake\Console\Shell::runCommand() - CORE\src\Console\Shell.php, line 444
Cake\Console\Shell::runCommand() - CORE\src\Console\Shell.php, line 450
Cake\Console\ShellDispatcher::_dispatch() - CORE\src\Console\ShellDispatcher.php, line 217
Cake\Console\ShellDispatcher::dispatch() - CORE\src\Console\ShellDispatcher.php, line 181
Cake\Console\ShellDispatcher::run() - CORE\src\Console\ShellDispatcher.php, line 127
[main] - ROOT\bin\cake.php, line 33



2016-06-10 11:57:47 Notice: Notice (8): Undefined offset: 0 in [D:\wamp\www\cake3test\cake3test\tmp\bake\index-ctp.php, line 74]
Trace:
Cake\Error\BaseErrorHandler::handleError() - CORE\src\Error\BaseErrorHandler.php, line 146
include - ROOT\tmp\bake\index-ctp.php, line 74
Bake\View\BakeView::_evaluate() - ROOT\vendor\cakephp\bake\src\View\BakeView.php, line 199
Cake\View\View::_render() - CORE\src\View\View.php, line 952
Bake\View\BakeView::render() - ROOT\vendor\cakephp\bake\src\View\BakeView.php, line 136
Bake\Shell\Task\BakeTemplateTask::generate() - ROOT\vendor\cakephp\bake\src\Shell\Task\BakeTemplateTask.php, line 89
Bake\Shell\Task\TemplateTask::getContent() - ROOT\vendor\cakephp\bake\src\Shell\Task\TemplateTask.php, line 419
Bake\Shell\Task\TemplateTask::main() - ROOT\vendor\cakephp\bake\src\Shell\Task\TemplateTask.php, line 151
Bake\Shell\Task\TemplateTask::all() - ROOT\vendor\cakephp\bake\src\Shell\Task\TemplateTask.php, line 256
Cake\Console\Shell::runCommand() - CORE\src\Console\Shell.php, line 444
Cake\Console\Shell::runCommand() - CORE\src\Console\Shell.php, line 450
Cake\Console\ShellDispatcher::_dispatch() - CORE\src\Console\ShellDispatcher.php, line 217
Cake\Console\ShellDispatcher::dispatch() - CORE\src\Console\ShellDispatcher.php, line 181
Cake\Console\ShellDispatcher::run() - CORE\src\Console\ShellDispatcher.php, line 127
[main] - ROOT\bin\cake.php, line 33



2016-06-10 11:57:47 Notice: Notice (8): Undefined offset: 0 in [D:\wamp\www\cake3test\cake3test\tmp\bake\view-ctp.php, line 87]
Trace:
Cake\Error\BaseErrorHandler::handleError() - CORE\src\Error\BaseErrorHandler.php, line 146
include - ROOT\tmp\bake\view-ctp.php, line 87
Bake\View\BakeView::_evaluate() - ROOT\vendor\cakephp\bake\src\View\BakeView.php, line 199
Cake\View\View::_render() - CORE\src\View\View.php, line 952
Bake\View\BakeView::render() - ROOT\vendor\cakephp\bake\src\View\BakeView.php, line 136
Bake\Shell\Task\BakeTemplateTask::generate() - ROOT\vendor\cakephp\bake\src\Shell\Task\BakeTemplateTask.php, line 89
Bake\Shell\Task\TemplateTask::getContent() - ROOT\vendor\cakephp\bake\src\Shell\Task\TemplateTask.php, line 419
Bake\Shell\Task\TemplateTask::main() - ROOT\vendor\cakephp\bake\src\Shell\Task\TemplateTask.php, line 151
Bake\Shell\Task\TemplateTask::all() - ROOT\vendor\cakephp\bake\src\Shell\Task\TemplateTask.php, line 256
Cake\Console\Shell::runCommand() - CORE\src\Console\Shell.php, line 444
Cake\Console\Shell::runCommand() - CORE\src\Console\Shell.php, line 450
Cake\Console\ShellDispatcher::_dispatch() - CORE\src\Console\ShellDispatcher.php, line 217
Cake\Console\ShellDispatcher::dispatch() - CORE\src\Console\ShellDispatcher.php, line 181
Cake\Console\ShellDispatcher::run() - CORE\src\Console\ShellDispatcher.php, line 127
[main] - ROOT\bin\cake.php, line 33



2016-06-10 11:57:47 Notice: Notice (8): Undefined offset: 0 in [D:\wamp\www\cake3test\cake3test\tmp\bake\index-ctp.php, line 74]
Trace:
Cake\Error\BaseErrorHandler::handleError() - CORE\src\Error\BaseErrorHandler.php, line 146
include - ROOT\tmp\bake\index-ctp.php, line 74
Bake\View\BakeView::_evaluate() - ROOT\vendor\cakephp\bake\src\View\BakeView.php, line 199
Cake\View\View::_render() - CORE\src\View\View.php, line 952
Bake\View\BakeView::render() - ROOT\vendor\cakephp\bake\src\View\BakeView.php, line 136
Bake\Shell\Task\BakeTemplateTask::generate() - ROOT\vendor\cakephp\bake\src\Shell\Task\BakeTemplateTask.php, line 89
Bake\Shell\Task\TemplateTask::getContent() - ROOT\vendor\cakephp\bake\src\Shell\Task\TemplateTask.php, line 419
Bake\Shell\Task\TemplateTask::main() - ROOT\vendor\cakephp\bake\src\Shell\Task\TemplateTask.php, line 151
Bake\Shell\Task\TemplateTask::all() - ROOT\vendor\cakephp\bake\src\Shell\Task\TemplateTask.php, line 256
Cake\Console\Shell::runCommand() - CORE\src\Console\Shell.php, line 444
Cake\Console\Shell::runCommand() - CORE\src\Console\Shell.php, line 450
Cake\Console\ShellDispatcher::_dispatch() - CORE\src\Console\ShellDispatcher.php, line 217
Cake\Console\ShellDispatcher::dispatch() - CORE\src\Console\ShellDispatcher.php, line 181
Cake\Console\ShellDispatcher::run() - CORE\src\Console\ShellDispatcher.php, line 127
[main] - ROOT\bin\cake.php, line 33



2016-06-10 11:57:47 Notice: Notice (8): Undefined offset: 0 in [D:\wamp\www\cake3test\cake3test\tmp\bake\view-ctp.php, line 87]
Trace:
Cake\Error\BaseErrorHandler::handleError() - CORE\src\Error\BaseErrorHandler.php, line 146
include - ROOT\tmp\bake\view-ctp.php, line 87
Bake\View\BakeView::_evaluate() - ROOT\vendor\cakephp\bake\src\View\BakeView.php, line 199
Cake\View\View::_render() - CORE\src\View\View.php, line 952
Bake\View\BakeView::render() - ROOT\vendor\cakephp\bake\src\View\BakeView.php, line 136
Bake\Shell\Task\BakeTemplateTask::generate() - ROOT\vendor\cakephp\bake\src\Shell\Task\BakeTemplateTask.php, line 89
Bake\Shell\Task\TemplateTask::getContent() - ROOT\vendor\cakephp\bake\src\Shell\Task\TemplateTask.php, line 419
Bake\Shell\Task\TemplateTask::main() - ROOT\vendor\cakephp\bake\src\Shell\Task\TemplateTask.php, line 151
Bake\Shell\Task\TemplateTask::all() - ROOT\vendor\cakephp\bake\src\Shell\Task\TemplateTask.php, line 256
Cake\Console\Shell::runCommand() - CORE\src\Console\Shell.php, line 444
Cake\Console\Shell::runCommand() - CORE\src\Console\Shell.php, line 450
Cake\Console\ShellDispatcher::_dispatch() - CORE\src\Console\ShellDispatcher.php, line 217
Cake\Console\ShellDispatcher::dispatch() - CORE\src\Console\ShellDispatcher.php, line 181
Cake\Console\ShellDispatcher::run() - CORE\src\Console\ShellDispatcher.php, line 127
[main] - ROOT\bin\cake.php, line 33



2016-06-10 11:57:47 Notice: Notice (8): Undefined offset: 0 in [D:\wamp\www\cake3test\cake3test\tmp\bake\index-ctp.php, line 74]
Trace:
Cake\Error\BaseErrorHandler::handleError() - CORE\src\Error\BaseErrorHandler.php, line 146
include - ROOT\tmp\bake\index-ctp.php, line 74
Bake\View\BakeView::_evaluate() - ROOT\vendor\cakephp\bake\src\View\BakeView.php, line 199
Cake\View\View::_render() - CORE\src\View\View.php, line 952
Bake\View\BakeView::render() - ROOT\vendor\cakephp\bake\src\View\BakeView.php, line 136
Bake\Shell\Task\BakeTemplateTask::generate() - ROOT\vendor\cakephp\bake\src\Shell\Task\BakeTemplateTask.php, line 89
Bake\Shell\Task\TemplateTask::getContent() - ROOT\vendor\cakephp\bake\src\Shell\Task\TemplateTask.php, line 419
Bake\Shell\Task\TemplateTask::main() - ROOT\vendor\cakephp\bake\src\Shell\Task\TemplateTask.php, line 151
Bake\Shell\Task\TemplateTask::all() - ROOT\vendor\cakephp\bake\src\Shell\Task\TemplateTask.php, line 256
Cake\Console\Shell::runCommand() - CORE\src\Console\Shell.php, line 444
Cake\Console\Shell::runCommand() - CORE\src\Console\Shell.php, line 450
Cake\Console\ShellDispatcher::_dispatch() - CORE\src\Console\ShellDispatcher.php, line 217
Cake\Console\ShellDispatcher::dispatch() - CORE\src\Console\ShellDispatcher.php, line 181
Cake\Console\ShellDispatcher::run() - CORE\src\Console\ShellDispatcher.php, line 127
[main] - ROOT\bin\cake.php, line 33



2016-06-10 11:57:47 Notice: Notice (8): Undefined offset: 0 in [D:\wamp\www\cake3test\cake3test\tmp\bake\view-ctp.php, line 87]
Trace:
Cake\Error\BaseErrorHandler::handleError() - CORE\src\Error\BaseErrorHandler.php, line 146
include - ROOT\tmp\bake\view-ctp.php, line 87
Bake\View\BakeView::_evaluate() - ROOT\vendor\cakephp\bake\src\View\BakeView.php, line 199
Cake\View\View::_render() - CORE\src\View\View.php, line 952
Bake\View\BakeView::render() - ROOT\vendor\cakephp\bake\src\View\BakeView.php, line 136
Bake\Shell\Task\BakeTemplateTask::generate() - ROOT\vendor\cakephp\bake\src\Shell\Task\BakeTemplateTask.php, line 89
Bake\Shell\Task\TemplateTask::getContent() - ROOT\vendor\cakephp\bake\src\Shell\Task\TemplateTask.php, line 419
Bake\Shell\Task\TemplateTask::main() - ROOT\vendor\cakephp\bake\src\Shell\Task\TemplateTask.php, line 151
Bake\Shell\Task\TemplateTask::all() - ROOT\vendor\cakephp\bake\src\Shell\Task\TemplateTask.php, line 256
Cake\Console\Shell::runCommand() - CORE\src\Console\Shell.php, line 444
Cake\Console\Shell::runCommand() - CORE\src\Console\Shell.php, line 450
Cake\Console\ShellDispatcher::_dispatch() - CORE\src\Console\ShellDispatcher.php, line 217
Cake\Console\ShellDispatcher::dispatch() - CORE\src\Console\ShellDispatcher.php, line 181
Cake\Console\ShellDispatcher::run() - CORE\src\Console\ShellDispatcher.php, line 127
[main] - ROOT\bin\cake.php, line 33



2016-06-10 11:57:47 Notice: Notice (8): Undefined offset: 0 in [D:\wamp\www\cake3test\cake3test\tmp\bake\index-ctp.php, line 74]
Trace:
Cake\Error\BaseErrorHandler::handleError() - CORE\src\Error\BaseErrorHandler.php, line 146
include - ROOT\tmp\bake\index-ctp.php, line 74
Bake\View\BakeView::_evaluate() - ROOT\vendor\cakephp\bake\src\View\BakeView.php, line 199
Cake\View\View::_render() - CORE\src\View\View.php, line 952
Bake\View\BakeView::render() - ROOT\vendor\cakephp\bake\src\View\BakeView.php, line 136
Bake\Shell\Task\BakeTemplateTask::generate() - ROOT\vendor\cakephp\bake\src\Shell\Task\BakeTemplateTask.php, line 89
Bake\Shell\Task\TemplateTask::getContent() - ROOT\vendor\cakephp\bake\src\Shell\Task\TemplateTask.php, line 419
Bake\Shell\Task\TemplateTask::main() - ROOT\vendor\cakephp\bake\src\Shell\Task\TemplateTask.php, line 151
Bake\Shell\Task\TemplateTask::all() - ROOT\vendor\cakephp\bake\src\Shell\Task\TemplateTask.php, line 256
Cake\Console\Shell::runCommand() - CORE\src\Console\Shell.php, line 444
Cake\Console\Shell::runCommand() - CORE\src\Console\Shell.php, line 450
Cake\Console\ShellDispatcher::_dispatch() - CORE\src\Console\ShellDispatcher.php, line 217
Cake\Console\ShellDispatcher::dispatch() - CORE\src\Console\ShellDispatcher.php, line 181
Cake\Console\ShellDispatcher::run() - CORE\src\Console\ShellDispatcher.php, line 127
[main] - ROOT\bin\cake.php, line 33



2016-06-10 11:57:47 Notice: Notice (8): Undefined offset: 0 in [D:\wamp\www\cake3test\cake3test\tmp\bake\view-ctp.php, line 87]
Trace:
Cake\Error\BaseErrorHandler::handleError() - CORE\src\Error\BaseErrorHandler.php, line 146
include - ROOT\tmp\bake\view-ctp.php, line 87
Bake\View\BakeView::_evaluate() - ROOT\vendor\cakephp\bake\src\View\BakeView.php, line 199
Cake\View\View::_render() - CORE\src\View\View.php, line 952
Bake\View\BakeView::render() - ROOT\vendor\cakephp\bake\src\View\BakeView.php, line 136
Bake\Shell\Task\BakeTemplateTask::generate() - ROOT\vendor\cakephp\bake\src\Shell\Task\BakeTemplateTask.php, line 89
Bake\Shell\Task\TemplateTask::getContent() - ROOT\vendor\cakephp\bake\src\Shell\Task\TemplateTask.php, line 419
Bake\Shell\Task\TemplateTask::main() - ROOT\vendor\cakephp\bake\src\Shell\Task\TemplateTask.php, line 151
Bake\Shell\Task\TemplateTask::all() - ROOT\vendor\cakephp\bake\src\Shell\Task\TemplateTask.php, line 256
Cake\Console\Shell::runCommand() - CORE\src\Console\Shell.php, line 444
Cake\Console\Shell::runCommand() - CORE\src\Console\Shell.php, line 450
Cake\Console\ShellDispatcher::_dispatch() - CORE\src\Console\ShellDispatcher.php, line 217
Cake\Console\ShellDispatcher::dispatch() - CORE\src\Console\ShellDispatcher.php, line 181
Cake\Console\ShellDispatcher::run() - CORE\src\Console\ShellDispatcher.php, line 127
[main] - ROOT\bin\cake.php, line 33



2016-06-10 11:57:47 Notice: Notice (8): Undefined offset: 0 in [D:\wamp\www\cake3test\cake3test\tmp\bake\view-ctp.php, line 159]
Trace:
Cake\Error\BaseErrorHandler::handleError() - CORE\src\Error\BaseErrorHandler.php, line 146
include - ROOT\tmp\bake\view-ctp.php, line 159
Bake\View\BakeView::_evaluate() - ROOT\vendor\cakephp\bake\src\View\BakeView.php, line 199
Cake\View\View::_render() - CORE\src\View\View.php, line 952
Bake\View\BakeView::render() - ROOT\vendor\cakephp\bake\src\View\BakeView.php, line 136
Bake\Shell\Task\BakeTemplateTask::generate() - ROOT\vendor\cakephp\bake\src\Shell\Task\BakeTemplateTask.php, line 89
Bake\Shell\Task\TemplateTask::getContent() - ROOT\vendor\cakephp\bake\src\Shell\Task\TemplateTask.php, line 419
Bake\Shell\Task\TemplateTask::main() - ROOT\vendor\cakephp\bake\src\Shell\Task\TemplateTask.php, line 151
Bake\Shell\Task\TemplateTask::all() - ROOT\vendor\cakephp\bake\src\Shell\Task\TemplateTask.php, line 256
Cake\Console\Shell::runCommand() - CORE\src\Console\Shell.php, line 444
Cake\Console\Shell::runCommand() - CORE\src\Console\Shell.php, line 450
Cake\Console\ShellDispatcher::_dispatch() - CORE\src\Console\ShellDispatcher.php, line 217
Cake\Console\ShellDispatcher::dispatch() - CORE\src\Console\ShellDispatcher.php, line 181
Cake\Console\ShellDispatcher::run() - CORE\src\Console\ShellDispatcher.php, line 127
[main] - ROOT\bin\cake.php, line 33



2016-06-10 12:00:54 Notice: Notice (8): Undefined offset: 0 in [D:\wamp\www\cake3test\cake3test\tmp\bake\index-ctp.php, line 74]
Trace:
Cake\Error\BaseErrorHandler::handleError() - CORE\src\Error\BaseErrorHandler.php, line 146
include - ROOT\tmp\bake\index-ctp.php, line 74
Bake\View\BakeView::_evaluate() - ROOT\vendor\cakephp\bake\src\View\BakeView.php, line 199
Cake\View\View::_render() - CORE\src\View\View.php, line 952
Bake\View\BakeView::render() - ROOT\vendor\cakephp\bake\src\View\BakeView.php, line 136
Bake\Shell\Task\BakeTemplateTask::generate() - ROOT\vendor\cakephp\bake\src\Shell\Task\BakeTemplateTask.php, line 89
Bake\Shell\Task\TemplateTask::getContent() - ROOT\vendor\cakephp\bake\src\Shell\Task\TemplateTask.php, line 419
Bake\Shell\Task\TemplateTask::main() - ROOT\vendor\cakephp\bake\src\Shell\Task\TemplateTask.php, line 151
Bake\Shell\BakeShell::Bake\Shell\{closure}() - ROOT\vendor\cakephp\bake\src\Shell\BakeShell.php, line 252
Cake\Collection\Collection::each() - CORE\src\Collection\CollectionTrait.php, line 51
Bake\Shell\BakeShell::all() - ROOT\vendor\cakephp\bake\src\Shell\BakeShell.php, line 253
Cake\Console\Shell::runCommand() - CORE\src\Console\Shell.php, line 444
Cake\Console\ShellDispatcher::_dispatch() - CORE\src\Console\ShellDispatcher.php, line 217
Cake\Console\ShellDispatcher::dispatch() - CORE\src\Console\ShellDispatcher.php, line 181
Cake\Console\ShellDispatcher::run() - CORE\src\Console\ShellDispatcher.php, line 127
[main] - ROOT\bin\cake.php, line 33



2016-06-10 12:00:57 Notice: Notice (8): Undefined offset: 0 in [D:\wamp\www\cake3test\cake3test\tmp\bake\view-ctp.php, line 87]
Trace:
Cake\Error\BaseErrorHandler::handleError() - CORE\src\Error\BaseErrorHandler.php, line 146
include - ROOT\tmp\bake\view-ctp.php, line 87
Bake\View\BakeView::_evaluate() - ROOT\vendor\cakephp\bake\src\View\BakeView.php, line 199
Cake\View\View::_render() - CORE\src\View\View.php, line 952
Bake\View\BakeView::render() - ROOT\vendor\cakephp\bake\src\View\BakeView.php, line 136
Bake\Shell\Task\BakeTemplateTask::generate() - ROOT\vendor\cakephp\bake\src\Shell\Task\BakeTemplateTask.php, line 89
Bake\Shell\Task\TemplateTask::getContent() - ROOT\vendor\cakephp\bake\src\Shell\Task\TemplateTask.php, line 419
Bake\Shell\Task\TemplateTask::main() - ROOT\vendor\cakephp\bake\src\Shell\Task\TemplateTask.php, line 151
Bake\Shell\BakeShell::Bake\Shell\{closure}() - ROOT\vendor\cakephp\bake\src\Shell\BakeShell.php, line 252
Cake\Collection\Collection::each() - CORE\src\Collection\CollectionTrait.php, line 51
Bake\Shell\BakeShell::all() - ROOT\vendor\cakephp\bake\src\Shell\BakeShell.php, line 253
Cake\Console\Shell::runCommand() - CORE\src\Console\Shell.php, line 444
Cake\Console\ShellDispatcher::_dispatch() - CORE\src\Console\ShellDispatcher.php, line 217
Cake\Console\ShellDispatcher::dispatch() - CORE\src\Console\ShellDispatcher.php, line 181
Cake\Console\ShellDispatcher::run() - CORE\src\Console\ShellDispatcher.php, line 127
[main] - ROOT\bin\cake.php, line 33



2016-06-10 12:07:43 Notice: Notice (8): Undefined offset: 0 in [D:\wamp\www\cake3test\cake3test\tmp\bake\index-ctp.php, line 74]
Trace:
Cake\Error\BaseErrorHandler::handleError() - CORE\src\Error\BaseErrorHandler.php, line 146
include - ROOT\tmp\bake\index-ctp.php, line 74
Bake\View\BakeView::_evaluate() - ROOT\vendor\cakephp\bake\src\View\BakeView.php, line 199
Cake\View\View::_render() - CORE\src\View\View.php, line 952
Bake\View\BakeView::render() - ROOT\vendor\cakephp\bake\src\View\BakeView.php, line 136
Bake\Shell\Task\BakeTemplateTask::generate() - ROOT\vendor\cakephp\bake\src\Shell\Task\BakeTemplateTask.php, line 89
Bake\Shell\Task\TemplateTask::getContent() - ROOT\vendor\cakephp\bake\src\Shell\Task\TemplateTask.php, line 419
Bake\Shell\Task\TemplateTask::main() - ROOT\vendor\cakephp\bake\src\Shell\Task\TemplateTask.php, line 151
Bake\Shell\BakeShell::Bake\Shell\{closure}() - ROOT\vendor\cakephp\bake\src\Shell\BakeShell.php, line 252
Cake\Collection\Collection::each() - CORE\src\Collection\CollectionTrait.php, line 51
Bake\Shell\BakeShell::all() - ROOT\vendor\cakephp\bake\src\Shell\BakeShell.php, line 253
Cake\Console\Shell::runCommand() - CORE\src\Console\Shell.php, line 444
Cake\Console\ShellDispatcher::_dispatch() - CORE\src\Console\ShellDispatcher.php, line 217
Cake\Console\ShellDispatcher::dispatch() - CORE\src\Console\ShellDispatcher.php, line 181
Cake\Console\ShellDispatcher::run() - CORE\src\Console\ShellDispatcher.php, line 127
[main] - ROOT\bin\cake.php, line 33



2016-06-10 12:07:43 Notice: Notice (8): Undefined offset: 0 in [D:\wamp\www\cake3test\cake3test\tmp\bake\view-ctp.php, line 87]
Trace:
Cake\Error\BaseErrorHandler::handleError() - CORE\src\Error\BaseErrorHandler.php, line 146
include - ROOT\tmp\bake\view-ctp.php, line 87
Bake\View\BakeView::_evaluate() - ROOT\vendor\cakephp\bake\src\View\BakeView.php, line 199
Cake\View\View::_render() - CORE\src\View\View.php, line 952
Bake\View\BakeView::render() - ROOT\vendor\cakephp\bake\src\View\BakeView.php, line 136
Bake\Shell\Task\BakeTemplateTask::generate() - ROOT\vendor\cakephp\bake\src\Shell\Task\BakeTemplateTask.php, line 89
Bake\Shell\Task\TemplateTask::getContent() - ROOT\vendor\cakephp\bake\src\Shell\Task\TemplateTask.php, line 419
Bake\Shell\Task\TemplateTask::main() - ROOT\vendor\cakephp\bake\src\Shell\Task\TemplateTask.php, line 151
Bake\Shell\BakeShell::Bake\Shell\{closure}() - ROOT\vendor\cakephp\bake\src\Shell\BakeShell.php, line 252
Cake\Collection\Collection::each() - CORE\src\Collection\CollectionTrait.php, line 51
Bake\Shell\BakeShell::all() - ROOT\vendor\cakephp\bake\src\Shell\BakeShell.php, line 253
Cake\Console\Shell::runCommand() - CORE\src\Console\Shell.php, line 444
Cake\Console\ShellDispatcher::_dispatch() - CORE\src\Console\ShellDispatcher.php, line 217
Cake\Console\ShellDispatcher::dispatch() - CORE\src\Console\ShellDispatcher.php, line 181
Cake\Console\ShellDispatcher::run() - CORE\src\Console\ShellDispatcher.php, line 127
[main] - ROOT\bin\cake.php, line 33



2016-06-10 12:09:10 Notice: Notice (8): Undefined offset: 0 in [D:\wamp\www\cake3test\cake3test\tmp\bake\index-ctp.php, line 74]
Trace:
Cake\Error\BaseErrorHandler::handleError() - CORE\src\Error\BaseErrorHandler.php, line 146
include - ROOT\tmp\bake\index-ctp.php, line 74
Bake\View\BakeView::_evaluate() - ROOT\vendor\cakephp\bake\src\View\BakeView.php, line 199
Cake\View\View::_render() - CORE\src\View\View.php, line 952
Bake\View\BakeView::render() - ROOT\vendor\cakephp\bake\src\View\BakeView.php, line 136
Bake\Shell\Task\BakeTemplateTask::generate() - ROOT\vendor\cakephp\bake\src\Shell\Task\BakeTemplateTask.php, line 89
Bake\Shell\Task\TemplateTask::getContent() - ROOT\vendor\cakephp\bake\src\Shell\Task\TemplateTask.php, line 419
Bake\Shell\Task\TemplateTask::main() - ROOT\vendor\cakephp\bake\src\Shell\Task\TemplateTask.php, line 151
Bake\Shell\BakeShell::Bake\Shell\{closure}() - ROOT\vendor\cakephp\bake\src\Shell\BakeShell.php, line 252
Cake\Collection\Collection::each() - CORE\src\Collection\CollectionTrait.php, line 51
Bake\Shell\BakeShell::all() - ROOT\vendor\cakephp\bake\src\Shell\BakeShell.php, line 253
Cake\Console\Shell::runCommand() - CORE\src\Console\Shell.php, line 444
Cake\Console\ShellDispatcher::_dispatch() - CORE\src\Console\ShellDispatcher.php, line 217
Cake\Console\ShellDispatcher::dispatch() - CORE\src\Console\ShellDispatcher.php, line 181
Cake\Console\ShellDispatcher::run() - CORE\src\Console\ShellDispatcher.php, line 127
[main] - ROOT\bin\cake.php, line 33



2016-06-10 12:09:10 Notice: Notice (8): Undefined offset: 0 in [D:\wamp\www\cake3test\cake3test\tmp\bake\view-ctp.php, line 87]
Trace:
Cake\Error\BaseErrorHandler::handleError() - CORE\src\Error\BaseErrorHandler.php, line 146
include - ROOT\tmp\bake\view-ctp.php, line 87
Bake\View\BakeView::_evaluate() - ROOT\vendor\cakephp\bake\src\View\BakeView.php, line 199
Cake\View\View::_render() - CORE\src\View\View.php, line 952
Bake\View\BakeView::render() - ROOT\vendor\cakephp\bake\src\View\BakeView.php, line 136
Bake\Shell\Task\BakeTemplateTask::generate() - ROOT\vendor\cakephp\bake\src\Shell\Task\BakeTemplateTask.php, line 89
Bake\Shell\Task\TemplateTask::getContent() - ROOT\vendor\cakephp\bake\src\Shell\Task\TemplateTask.php, line 419
Bake\Shell\Task\TemplateTask::main() - ROOT\vendor\cakephp\bake\src\Shell\Task\TemplateTask.php, line 151
Bake\Shell\BakeShell::Bake\Shell\{closure}() - ROOT\vendor\cakephp\bake\src\Shell\BakeShell.php, line 252
Cake\Collection\Collection::each() - CORE\src\Collection\CollectionTrait.php, line 51
Bake\Shell\BakeShell::all() - ROOT\vendor\cakephp\bake\src\Shell\BakeShell.php, line 253
Cake\Console\Shell::runCommand() - CORE\src\Console\Shell.php, line 444
Cake\Console\ShellDispatcher::_dispatch() - CORE\src\Console\ShellDispatcher.php, line 217
Cake\Console\ShellDispatcher::dispatch() - CORE\src\Console\ShellDispatcher.php, line 181
Cake\Console\ShellDispatcher::run() - CORE\src\Console\ShellDispatcher.php, line 127
[main] - ROOT\bin\cake.php, line 33



2016-06-10 12:09:35 Notice: Notice (8): Undefined offset: 0 in [D:\wamp\www\cake3test\cake3test\tmp\bake\index-ctp.php, line 74]
Trace:
Cake\Error\BaseErrorHandler::handleError() - CORE\src\Error\BaseErrorHandler.php, line 146
include - ROOT\tmp\bake\index-ctp.php, line 74
Bake\View\BakeView::_evaluate() - ROOT\vendor\cakephp\bake\src\View\BakeView.php, line 199
Cake\View\View::_render() - CORE\src\View\View.php, line 952
Bake\View\BakeView::render() - ROOT\vendor\cakephp\bake\src\View\BakeView.php, line 136
Bake\Shell\Task\BakeTemplateTask::generate() - ROOT\vendor\cakephp\bake\src\Shell\Task\BakeTemplateTask.php, line 89
Bake\Shell\Task\TemplateTask::getContent() - ROOT\vendor\cakephp\bake\src\Shell\Task\TemplateTask.php, line 419
Bake\Shell\Task\TemplateTask::main() - ROOT\vendor\cakephp\bake\src\Shell\Task\TemplateTask.php, line 151
Bake\Shell\BakeShell::Bake\Shell\{closure}() - ROOT\vendor\cakephp\bake\src\Shell\BakeShell.php, line 252
Cake\Collection\Collection::each() - CORE\src\Collection\CollectionTrait.php, line 51
Bake\Shell\BakeShell::all() - ROOT\vendor\cakephp\bake\src\Shell\BakeShell.php, line 253
Cake\Console\Shell::runCommand() - CORE\src\Console\Shell.php, line 444
Cake\Console\ShellDispatcher::_dispatch() - CORE\src\Console\ShellDispatcher.php, line 217
Cake\Console\ShellDispatcher::dispatch() - CORE\src\Console\ShellDispatcher.php, line 181
Cake\Console\ShellDispatcher::run() - CORE\src\Console\ShellDispatcher.php, line 127
[main] - ROOT\bin\cake.php, line 33



2016-06-10 12:09:35 Notice: Notice (8): Undefined offset: 0 in [D:\wamp\www\cake3test\cake3test\tmp\bake\view-ctp.php, line 87]
Trace:
Cake\Error\BaseErrorHandler::handleError() - CORE\src\Error\BaseErrorHandler.php, line 146
include - ROOT\tmp\bake\view-ctp.php, line 87
Bake\View\BakeView::_evaluate() - ROOT\vendor\cakephp\bake\src\View\BakeView.php, line 199
Cake\View\View::_render() - CORE\src\View\View.php, line 952
Bake\View\BakeView::render() - ROOT\vendor\cakephp\bake\src\View\BakeView.php, line 136
Bake\Shell\Task\BakeTemplateTask::generate() - ROOT\vendor\cakephp\bake\src\Shell\Task\BakeTemplateTask.php, line 89
Bake\Shell\Task\TemplateTask::getContent() - ROOT\vendor\cakephp\bake\src\Shell\Task\TemplateTask.php, line 419
Bake\Shell\Task\TemplateTask::main() - ROOT\vendor\cakephp\bake\src\Shell\Task\TemplateTask.php, line 151
Bake\Shell\BakeShell::Bake\Shell\{closure}() - ROOT\vendor\cakephp\bake\src\Shell\BakeShell.php, line 252
Cake\Collection\Collection::each() - CORE\src\Collection\CollectionTrait.php, line 51
Bake\Shell\BakeShell::all() - ROOT\vendor\cakephp\bake\src\Shell\BakeShell.php, line 253
Cake\Console\Shell::runCommand() - CORE\src\Console\Shell.php, line 444
Cake\Console\ShellDispatcher::_dispatch() - CORE\src\Console\ShellDispatcher.php, line 217
Cake\Console\ShellDispatcher::dispatch() - CORE\src\Console\ShellDispatcher.php, line 181
Cake\Console\ShellDispatcher::run() - CORE\src\Console\ShellDispatcher.php, line 127
[main] - ROOT\bin\cake.php, line 33



2016-06-10 12:10:14 Notice: Notice (8): Undefined offset: 0 in [D:\wamp\www\cake3test\cake3test\tmp\bake\index-ctp.php, line 74]
Trace:
Cake\Error\BaseErrorHandler::handleError() - CORE\src\Error\BaseErrorHandler.php, line 146
include - ROOT\tmp\bake\index-ctp.php, line 74
Bake\View\BakeView::_evaluate() - ROOT\vendor\cakephp\bake\src\View\BakeView.php, line 199
Cake\View\View::_render() - CORE\src\View\View.php, line 952
Bake\View\BakeView::render() - ROOT\vendor\cakephp\bake\src\View\BakeView.php, line 136
Bake\Shell\Task\BakeTemplateTask::generate() - ROOT\vendor\cakephp\bake\src\Shell\Task\BakeTemplateTask.php, line 89
Bake\Shell\Task\TemplateTask::getContent() - ROOT\vendor\cakephp\bake\src\Shell\Task\TemplateTask.php, line 419
Bake\Shell\Task\TemplateTask::main() - ROOT\vendor\cakephp\bake\src\Shell\Task\TemplateTask.php, line 151
Bake\Shell\BakeShell::Bake\Shell\{closure}() - ROOT\vendor\cakephp\bake\src\Shell\BakeShell.php, line 252
Cake\Collection\Collection::each() - CORE\src\Collection\CollectionTrait.php, line 51
Bake\Shell\BakeShell::all() - ROOT\vendor\cakephp\bake\src\Shell\BakeShell.php, line 253
Cake\Console\Shell::runCommand() - CORE\src\Console\Shell.php, line 444
Cake\Console\ShellDispatcher::_dispatch() - CORE\src\Console\ShellDispatcher.php, line 217
Cake\Console\ShellDispatcher::dispatch() - CORE\src\Console\ShellDispatcher.php, line 181
Cake\Console\ShellDispatcher::run() - CORE\src\Console\ShellDispatcher.php, line 127
[main] - ROOT\bin\cake.php, line 33



2016-06-10 12:10:14 Notice: Notice (8): Undefined offset: 0 in [D:\wamp\www\cake3test\cake3test\tmp\bake\view-ctp.php, line 87]
Trace:
Cake\Error\BaseErrorHandler::handleError() - CORE\src\Error\BaseErrorHandler.php, line 146
include - ROOT\tmp\bake\view-ctp.php, line 87
Bake\View\BakeView::_evaluate() - ROOT\vendor\cakephp\bake\src\View\BakeView.php, line 199
Cake\View\View::_render() - CORE\src\View\View.php, line 952
Bake\View\BakeView::render() - ROOT\vendor\cakephp\bake\src\View\BakeView.php, line 136
Bake\Shell\Task\BakeTemplateTask::generate() - ROOT\vendor\cakephp\bake\src\Shell\Task\BakeTemplateTask.php, line 89
Bake\Shell\Task\TemplateTask::getContent() - ROOT\vendor\cakephp\bake\src\Shell\Task\TemplateTask.php, line 419
Bake\Shell\Task\TemplateTask::main() - ROOT\vendor\cakephp\bake\src\Shell\Task\TemplateTask.php, line 151
Bake\Shell\BakeShell::Bake\Shell\{closure}() - ROOT\vendor\cakephp\bake\src\Shell\BakeShell.php, line 252
Cake\Collection\Collection::each() - CORE\src\Collection\CollectionTrait.php, line 51
Bake\Shell\BakeShell::all() - ROOT\vendor\cakephp\bake\src\Shell\BakeShell.php, line 253
Cake\Console\Shell::runCommand() - CORE\src\Console\Shell.php, line 444
Cake\Console\ShellDispatcher::_dispatch() - CORE\src\Console\ShellDispatcher.php, line 217
Cake\Console\ShellDispatcher::dispatch() - CORE\src\Console\ShellDispatcher.php, line 181
Cake\Console\ShellDispatcher::run() - CORE\src\Console\ShellDispatcher.php, line 127
[main] - ROOT\bin\cake.php, line 33



2016-06-10 12:10:33 Notice: Notice (8): Undefined offset: 0 in [D:\wamp\www\cake3test\cake3test\tmp\bake\index-ctp.php, line 74]
Trace:
Cake\Error\BaseErrorHandler::handleError() - CORE\src\Error\BaseErrorHandler.php, line 146
include - ROOT\tmp\bake\index-ctp.php, line 74
Bake\View\BakeView::_evaluate() - ROOT\vendor\cakephp\bake\src\View\BakeView.php, line 199
Cake\View\View::_render() - CORE\src\View\View.php, line 952
Bake\View\BakeView::render() - ROOT\vendor\cakephp\bake\src\View\BakeView.php, line 136
Bake\Shell\Task\BakeTemplateTask::generate() - ROOT\vendor\cakephp\bake\src\Shell\Task\BakeTemplateTask.php, line 89
Bake\Shell\Task\TemplateTask::getContent() - ROOT\vendor\cakephp\bake\src\Shell\Task\TemplateTask.php, line 419
Bake\Shell\Task\TemplateTask::main() - ROOT\vendor\cakephp\bake\src\Shell\Task\TemplateTask.php, line 151
Bake\Shell\BakeShell::Bake\Shell\{closure}() - ROOT\vendor\cakephp\bake\src\Shell\BakeShell.php, line 252
Cake\Collection\Collection::each() - CORE\src\Collection\CollectionTrait.php, line 51
Bake\Shell\BakeShell::all() - ROOT\vendor\cakephp\bake\src\Shell\BakeShell.php, line 253
Cake\Console\Shell::runCommand() - CORE\src\Console\Shell.php, line 444
Cake\Console\ShellDispatcher::_dispatch() - CORE\src\Console\ShellDispatcher.php, line 217
Cake\Console\ShellDispatcher::dispatch() - CORE\src\Console\ShellDispatcher.php, line 181
Cake\Console\ShellDispatcher::run() - CORE\src\Console\ShellDispatcher.php, line 127
[main] - ROOT\bin\cake.php, line 33



2016-06-10 12:10:33 Notice: Notice (8): Undefined offset: 0 in [D:\wamp\www\cake3test\cake3test\tmp\bake\view-ctp.php, line 87]
Trace:
Cake\Error\BaseErrorHandler::handleError() - CORE\src\Error\BaseErrorHandler.php, line 146
include - ROOT\tmp\bake\view-ctp.php, line 87
Bake\View\BakeView::_evaluate() - ROOT\vendor\cakephp\bake\src\View\BakeView.php, line 199
Cake\View\View::_render() - CORE\src\View\View.php, line 952
Bake\View\BakeView::render() - ROOT\vendor\cakephp\bake\src\View\BakeView.php, line 136
Bake\Shell\Task\BakeTemplateTask::generate() - ROOT\vendor\cakephp\bake\src\Shell\Task\BakeTemplateTask.php, line 89
Bake\Shell\Task\TemplateTask::getContent() - ROOT\vendor\cakephp\bake\src\Shell\Task\TemplateTask.php, line 419
Bake\Shell\Task\TemplateTask::main() - ROOT\vendor\cakephp\bake\src\Shell\Task\TemplateTask.php, line 151
Bake\Shell\BakeShell::Bake\Shell\{closure}() - ROOT\vendor\cakephp\bake\src\Shell\BakeShell.php, line 252
Cake\Collection\Collection::each() - CORE\src\Collection\CollectionTrait.php, line 51
Bake\Shell\BakeShell::all() - ROOT\vendor\cakephp\bake\src\Shell\BakeShell.php, line 253
Cake\Console\Shell::runCommand() - CORE\src\Console\Shell.php, line 444
Cake\Console\ShellDispatcher::_dispatch() - CORE\src\Console\ShellDispatcher.php, line 217
Cake\Console\ShellDispatcher::dispatch() - CORE\src\Console\ShellDispatcher.php, line 181
Cake\Console\ShellDispatcher::run() - CORE\src\Console\ShellDispatcher.php, line 127
[main] - ROOT\bin\cake.php, line 33



2016-06-10 12:10:52 Notice: Notice (8): Undefined offset: 0 in [D:\wamp\www\cake3test\cake3test\tmp\bake\index-ctp.php, line 74]
Trace:
Cake\Error\BaseErrorHandler::handleError() - CORE\src\Error\BaseErrorHandler.php, line 146
include - ROOT\tmp\bake\index-ctp.php, line 74
Bake\View\BakeView::_evaluate() - ROOT\vendor\cakephp\bake\src\View\BakeView.php, line 199
Cake\View\View::_render() - CORE\src\View\View.php, line 952
Bake\View\BakeView::render() - ROOT\vendor\cakephp\bake\src\View\BakeView.php, line 136
Bake\Shell\Task\BakeTemplateTask::generate() - ROOT\vendor\cakephp\bake\src\Shell\Task\BakeTemplateTask.php, line 89
Bake\Shell\Task\TemplateTask::getContent() - ROOT\vendor\cakephp\bake\src\Shell\Task\TemplateTask.php, line 419
Bake\Shell\Task\TemplateTask::main() - ROOT\vendor\cakephp\bake\src\Shell\Task\TemplateTask.php, line 151
Bake\Shell\BakeShell::Bake\Shell\{closure}() - ROOT\vendor\cakephp\bake\src\Shell\BakeShell.php, line 252
Cake\Collection\Collection::each() - CORE\src\Collection\CollectionTrait.php, line 51
Bake\Shell\BakeShell::all() - ROOT\vendor\cakephp\bake\src\Shell\BakeShell.php, line 253
Cake\Console\Shell::runCommand() - CORE\src\Console\Shell.php, line 444
Cake\Console\ShellDispatcher::_dispatch() - CORE\src\Console\ShellDispatcher.php, line 217
Cake\Console\ShellDispatcher::dispatch() - CORE\src\Console\ShellDispatcher.php, line 181
Cake\Console\ShellDispatcher::run() - CORE\src\Console\ShellDispatcher.php, line 127
[main] - ROOT\bin\cake.php, line 33



2016-06-10 12:10:52 Notice: Notice (8): Undefined offset: 0 in [D:\wamp\www\cake3test\cake3test\tmp\bake\view-ctp.php, line 87]
Trace:
Cake\Error\BaseErrorHandler::handleError() - CORE\src\Error\BaseErrorHandler.php, line 146
include - ROOT\tmp\bake\view-ctp.php, line 87
Bake\View\BakeView::_evaluate() - ROOT\vendor\cakephp\bake\src\View\BakeView.php, line 199
Cake\View\View::_render() - CORE\src\View\View.php, line 952
Bake\View\BakeView::render() - ROOT\vendor\cakephp\bake\src\View\BakeView.php, line 136
Bake\Shell\Task\BakeTemplateTask::generate() - ROOT\vendor\cakephp\bake\src\Shell\Task\BakeTemplateTask.php, line 89
Bake\Shell\Task\TemplateTask::getContent() - ROOT\vendor\cakephp\bake\src\Shell\Task\TemplateTask.php, line 419
Bake\Shell\Task\TemplateTask::main() - ROOT\vendor\cakephp\bake\src\Shell\Task\TemplateTask.php, line 151
Bake\Shell\BakeShell::Bake\Shell\{closure}() - ROOT\vendor\cakephp\bake\src\Shell\BakeShell.php, line 252
Cake\Collection\Collection::each() - CORE\src\Collection\CollectionTrait.php, line 51
Bake\Shell\BakeShell::all() - ROOT\vendor\cakephp\bake\src\Shell\BakeShell.php, line 253
Cake\Console\Shell::runCommand() - CORE\src\Console\Shell.php, line 444
Cake\Console\ShellDispatcher::_dispatch() - CORE\src\Console\ShellDispatcher.php, line 217
Cake\Console\ShellDispatcher::dispatch() - CORE\src\Console\ShellDispatcher.php, line 181
Cake\Console\ShellDispatcher::run() - CORE\src\Console\ShellDispatcher.php, line 127
[main] - ROOT\bin\cake.php, line 33



2016-06-10 12:11:06 Notice: Notice (8): Undefined offset: 0 in [D:\wamp\www\cake3test\cake3test\tmp\bake\view-ctp.php, line 159]
Trace:
Cake\Error\BaseErrorHandler::handleError() - CORE\src\Error\BaseErrorHandler.php, line 146
include - ROOT\tmp\bake\view-ctp.php, line 159
Bake\View\BakeView::_evaluate() - ROOT\vendor\cakephp\bake\src\View\BakeView.php, line 199
Cake\View\View::_render() - CORE\src\View\View.php, line 952
Bake\View\BakeView::render() - ROOT\vendor\cakephp\bake\src\View\BakeView.php, line 136
Bake\Shell\Task\BakeTemplateTask::generate() - ROOT\vendor\cakephp\bake\src\Shell\Task\BakeTemplateTask.php, line 89
Bake\Shell\Task\TemplateTask::getContent() - ROOT\vendor\cakephp\bake\src\Shell\Task\TemplateTask.php, line 419
Bake\Shell\Task\TemplateTask::main() - ROOT\vendor\cakephp\bake\src\Shell\Task\TemplateTask.php, line 151
Bake\Shell\BakeShell::Bake\Shell\{closure}() - ROOT\vendor\cakephp\bake\src\Shell\BakeShell.php, line 252
Cake\Collection\Collection::each() - CORE\src\Collection\CollectionTrait.php, line 51
Bake\Shell\BakeShell::all() - ROOT\vendor\cakephp\bake\src\Shell\BakeShell.php, line 253
Cake\Console\Shell::runCommand() - CORE\src\Console\Shell.php, line 444
Cake\Console\ShellDispatcher::_dispatch() - CORE\src\Console\ShellDispatcher.php, line 217
Cake\Console\ShellDispatcher::dispatch() - CORE\src\Console\ShellDispatcher.php, line 181
Cake\Console\ShellDispatcher::run() - CORE\src\Console\ShellDispatcher.php, line 127
[main] - ROOT\bin\cake.php, line 33



